<?xml version="1.0" encoding="UTF-8"?>
<!-- Generated by org.testng.reporters.JUnitReportReporter -->
<testsuite hostname="LAPTOP-OHJTUH5R" failures="0" tests="3" name="runner.TestNgRunner" time="97.424" errors="0" timestamp="2024-01-19T18:11:16 IST" skipped="0">
  <testcase classname="runner.TestNgRunner" name="runScenario" time="19.425"/>
  <system-out/>
  <testcase classname="runner.TestNgRunner" name="runScenario" time="59.691"/>
  <system-out/>
  <testcase classname="runner.TestNgRunner" name="runScenario" time="18.308"/>
  <system-out/>
</testsuite> <!-- runner.TestNgRunner -->
